0
0
1
2
3
3
0
4
4
4
2
2
2
5
5
5
5
0
6
6
6
6
6
3
3
7
7
7
8
9
10
10
10
11
11
11
7
7
7
0
12
0
13
13
13
6
13
13
13
2
2
12
12
12
12
12
12
14
14
7
5
12
0
13
13
2
10
15
15
15
10
0
13
13
13
12
12
12
0
4
10
16
5
5
5
4
4
4
9
9
9
7
8
2
17
17
7
7
0
15
15
18
18
10
5
10
10
7
7
0
12
12
12
6
12
0
0
0
0
0
0
19
20
20
21
6
6
6
6
6
6
6
6
0
0
22
23
12
15
3
10
10
7
7
7
16
16
10
24
10
25
24
2
2
4
4
26
1
1
1
12
12
17
12
17
5
27
28
12
0
0
12
0
29
25
25
25
25
25
3
3
3
9
4
2
23
13
13
30
30
3
30
24
24
22
22
22
5
5
5
4
4
2
2
0
27
27
27
27
27
27
27
27
27
27
6
10
27
27
27
27
27
27
24
24
24
24
24
2
31
6
6
6
24
12
10
13
13
13
13
32
32
32
8
2
6
33
0
0
0
7
22
33
33
22
22
8
0
6
24
9
9
9
9
2
2
2
15
27
27
15
0
0
0
0
0
0
34
3
0
10
0
25
7
7
7
7
35
36
36
7
7
7
7
7
7
7
37
37
15
15
38
38
39
0
39
7
7
7
7
7
5
5
5
0
0
0
7
7
7
7
7
40
7
7
13
13
2
2
39
13
12
0
2
2
2
2
5
5
5
29
29
29
10
7
5
5
0
4
4
4
4
10
8
0
0
0
0
0
0
0
0
12
12
12
16
16
3
2
2
3
10
24
24
41
41
41
41
10
17
7
7
24
24
2
24
24
0
42
5
5
5
5
32
6
13
13
13
12
10
0
13
13
3
23
23
23
6
13
13
30
30
6
0
8
43
43
43
43
5
43
29
10
10
25
3
3
44
16
16
2
15
15
15
15
27
15
24
0
0
45
12
12
12
46
17
17
17
17
0
0
30
0
16
16
12
5
5
5
5
22
47
47
10
10
13
13
10
10
8
8
8
10
8
5
2
48
48
0
12
10
12
12
12
12
12
12
12
12
12
13
7
7
0
12
12
13
6
12
12
4
6
7
7
5
49
49
49
49
10
16
2
2
2
24
24
10
10
10
10
2
0
0
0
0
30
3
3
3
3
24
0
0
13
12
5
13
13
32
32
32
32
32
5
2
24
0
17
16
50
51
52
12
16
16
28
28
28
53
7
15
7
7
7
7
7
7
7
16
16
39
0
0
0
6
25
6
16
6
0
22
12
10
13
10
54
54
54
54
13
0
2
55
7
7
7
23
6
10
7
0
5
32
32
32
32
32
32
32
32
32
32
32
32
32
32
32
32
32
32
32
32
32
32
32
32
32
32
32
32
0
9
2
2
2
2
2
2
2
0
7
7
7
6
6
6
2
5
2
12
30
30
12
12
12
5
5
5
13
13
0
0
4
0
0
0
0
0
0
0
0
0
6
6
2
0
0
4
12
0
0
0
6
4
17
56
56
56
56
56
12
12
6
6
6
6
12
10
10
8
2
4
4
4
5
6
6
6
6
16
2
12
57
13
17
17
58
58
15
22
22
10
10
10
10
2
2
2
0
2
22
22
22
22
0
27
27
10
10
10
10
10
13
59
0
0
0
2
30
25
25
0
22
32
32
32
32
32
32
32
32
32
32
32
10
10
2
2
2
2
6
6
6
16
0
0
0
13
27
60
48
48
48
0
0
7
7
7
61
61
12
4
13
22
6
22
32
58
10
12
2
12
3
3
3
43
43
0
29
29
29
29
29
29
29
2
2
2
62
13
13
12
13
12
0
0
0
0
5
7
0
0
10
4
6
10
25
8
10
10
16
16
16
16
12
43
43
6
43
43
4
17
13
63
64
16
16
16
16
7
7
7
7
5
7
7
7
7
56
56
7
7
7
7
7
7
7
65
65
39
7
7
7
17
66
66
0
0
7
7
7
7
0
22
22
0
0
0
2
2
67
13
13
13
13
5
5
5
5
5
5
6
6
31
6
6
6
25
24
24
7
7
7
43
43
13
2
13
0
68
10
0
69
2
70
17
17
17
17
7
17
2
5
0
5
12
31
17
7
0
3
3
22
22
2
22
71
28
10
10
10
10
32
24
24
24
24
24
24
24
24
24
24
24
24
24
24
24
24
24
24
24
0
4
72
30
32
0
16
4
16
16
12
12
2
7
7
7
9
9
9
9
9
9
9
9
5
7
7
7
5
5
5
5
5
5
5
5
5
5
5
5
5
5
5
5
5
8
8
8
8
25
25
17
33
25
25
25
8
4
25
25
6
6
13
6
31
16
16
10
33
10
10
2
33
33
13
12
73
15
15
4
6
6
6
6
74
74
30
7
7
5
0
0
0
0
7
0
24
24
24
2
2
2
0
0
12
2
75
5
2
25
25
3
3
7
0
7
4
16
16
7
7
7
7
7
76
7
7
7
7
16
28
28
77
77
7
7
17
32
10
15
2
15
0
12
0
5
16
12
78
5
79
79
0
0
2
0
13
10
10
10
10
10
10
10
10
10
10
10
12
10
10
10
16
16
16
1
5
5
7
5
5
5
5
29
29
16
16
0
10
80
81
5
7
7
7
27
6
6
4
5
4
33
4
4
4
4
4
4
6
6
6
23
23
24
0
24
24
24
24
0
17
17
17
17
17
1
58
39
39
7
3
3
0
82
22
3
32
32
32
32
32
83
8
8
8
43
8
84
84
6
6
30
0
0
0
8
32
32
32
32
0
0
10
0
24
24
2
30
30
30
2
2
17
0
33
0
0
10
3
29
29
6
4
4
31
4
4
85
2
2
2
2
2
2
2
2
22
22
10
10
17
17
86
0
39
22
22
0
0
10
2
7
0
5
22
0
17
25
25
25
87
88
43
5
5
10
10
13
5
27
27
89
2
13
17
12
15
15
24
2
10
10
10
10
10
10
10
10
2
58
10
10
56
12
12
10
10
17
17
32
90
90
26
0
0
0
0
91
6
6
6
6
13
92
93
93
93
93
93
0
0
0
0
0
15
2
15
12
12
12
12
7
7
7
7
7
7
7
8
8
17
94
94
7
7
95
95
39
39
39
39
39
39
39
39
39
39
39
43
22
22
22
96
0
22
22
2
4
2
6
6
7
7
7
97
97
97
98
98
98
3
7
27
27
7
15
27
2
2
6
2
2
99
99
16
8
100
68
43
43
43
17
17
17
17
101
5
13
13
22
13
13
12
6
4
25
8
8
8
8
4
4
4
4
8
8
10
7
7
13
13
12
13
13
33
24
10
30
6
25
3
3
3
0
0
2
43
43
43
43
43
43
43
58
102
7
2
2
5
5
5
17
3
3
13
0
13
5
10
58
58
58
103
104
13
13
6
6
6
13
29
9
9
2
2
2
30
2
10
10
10
27
3
2
2
5
5
7
2
7
4
4
13
8
6
6
6
12
24
2
24
13
32
105
105
13
29
12
12
13
24
10
13
0
30
6
4
4
27
8
8
9
9
7
7
4
4
7
43
23
10
22
0
13
13
13
27
13
13
13
13
2
2
2
2
2
2
2
30
30
30
30
2
2
13
0
7
7
7
17
17
15
15
0
13
25
8
25
25
25
10
24
8
8
0
12
5
10
3
2
2
2
106
12
13
5
107
107
107
107
16
15
15
15
27
7
7
7
108
108
108
108
17
7
7
43
43
109
2
2
7
7
13
10
0
2
10
10
10
10
10
0
17
2
17
17
16
16
16
3
22
22
7
5
43
43
16
16
16
16
10
30
30
30
30
30
8
8
8
10
10
10
10
10
10
110
110
7
7
0
0
5
0
17
17
17
12
5
5
27
27
13
13
13
13
0
111
112
10
113
113
23
23
23
4
16
12
12
12
22
22
29
7
2
2
22
22
22
6
8
8
8
22
0
0
0
15
15
15
10
10
10
0
4
4
4
0
0
8
4
22
25
25
30
7
17
17
15
15
13
12
24
22
114
10
5
5
5
5
13
3
3
7
12
12
12
12
12
12
12
2
2
0
9
115
12
0
7
7
25
0
0
0
0
116
116
116
116
7
7
0
0
7
7
39
39
39
17
17
7
117
117
29
17
30
118
118
30
30
12
13
25
25
25
25
12
7
7
7
7
7
7
7
7
7
7
7
7
6
4
7
119
119
13
3
6
7
0
0
3
23
0
10
24
32
31
31
31
31
32
32
32
32
5
5
5
3
3
32
32
32
10
10
10
10
25
25
27
27
12
32
6
6
3
0
2
2
2
2
10
10
17
17
17
7
7
0
13
0
13
13
25
13
17
17
13
17
17
5
17
17
33
5
5
5
5
5
25
10
12
43
43
120
7
4
4
10
10
10
10
10
13
10
121
7
7
13
6
6
10
10
7
7
5
5
5
5
5
5
5
7
13
6
6
26
27
10
10
29
29
29
0
22
13
17
17
13
12
12
13
6
29
17
33
12
7
7
7
7
26
0
12
12
4
16
0
12
12
12
13
122
122
122
0
10
13
13
12
12
12
12
0
0
0
22
25
25
23
23
3
3
0
0
93
22
0
25
0
0
10
123
3
3
3
3
3
2
0
0
0
3
3
3
3
0
0
124
125
6
126
127
16
128
0
0
1
1
1
43
129
7
7
130
7
131
15
15
15
15
4
4
24
24
0
10
0
2
2
2
0
0
0
6
6
6
6
3
17
132
133
5
8
8
8
8
24
12
134
24
24
22
22
22
22
22
22
17
22
17
12
13
13
27
13
4
5
4
23
0
135
136
4
10
32
32
32
24
2
2
2
22
7
0
0
8
8
8
0
4
2
13
8
6
6
3
25
25
23
4
13
13
13
13
5
10
13
13
7
22
137
7
7
2
22
2
2
13
2
2
5
138
138
138
138
2
2
12
12
0
27
25
25
25
25
25
25
25
23
23
23
7
2
2
12
2
5
2
2
16
16
16
24
16
12
6
8
12
5
0
15
27
6
7
0
8
8
2
2
12
4
6
6
6
139
139
43
43
0
13
13
13
0
4
4
13
15
15
140
16
0
7
8
7
0
141
141
15
15
15
142
7
8
8
8
8
8
8
13
13
13
13
13
13
13
13
10
10
10
12
12
12
12
6
2
2
4
12
2
5
4
31
32
3
2
3
143
12
12
25
12
31
12
22
22
0
144
7
12
0
43
10
145
0
0
0
2
2
6
6
0
10
12
12
13
7
2
2
2
2
4
24
25
25
24
12
12
12
12
8
0
146
24
24
2
2
2
2
138
138
138
138
138
138
138
138
138
2
0
2
4
23
2
12
25
25
25
25
25
25
6
10
13
13
13
147
147
13
23
23
23
22
25
12
12
4
17
17
3
6
6
6
6
6
5
5
17
25
6
12
13
6
27
12
12
0
16
16
16
16
43
30
7
7
30
30
30
30
10
5
54
54
54
12
0
0
0
25
23
23
148
29
43
43
32
32
32
10
0
17
17
13
13
24
24
17
12
12
3
3
3
3
138
138
149
149
149
149
0
2
2
48
48
48
0
0
7
150
7
7
7
16
16
16
14
7
7
7
32
28
28
28
28
24
24
24
151
39
39
39
43
43
43
43
43
43
43
43
24
2
2
4
4
7
2
2
2
3
13
12
13
12
12
12
10
22
22
22
22
0
12
12
24
152
153
153
4
8
8
33
33
33
6
0
10
10
10
0
12
8
8
25
22
22
22
22
22
13
22
22
22
22
7
7
13
13
24
24
24
24
24
3
26
3
0
6
12
2
2
7
6
33
0
0
5
5
5
5
154
155
13
13
13
6
6
23
12
2
0
12
12
2
2
3
3
3
25
25
25
0
22
17
2
2
2
2
15
0
156
156
12
12
7
8
8
13
0
3
157
25
25
25
0
0
10
5
0
158
159
33
33
16
160
160
9
24
0
33
43
7
22
22
22
25
161
0
7
7
7
17
17
7
7
162
7
39
7
39
12
12
5
8
0
30
30
30
2
5
13
12
6
163
163
163
6
31
31
31
22
12
0
23
23
39
3
3
3
10
10
2
13
15
2
164
16
10
33
33
33
33
17
23
23
23
17
13
13
7
10
13
0
0
6
2
2
2
2
2
10
28
2
9
24
5
5
5
5
5
5
5
5
5
5
5
5
10
8
10
0
15
12
15
4
4
4
4
22
13
22
12
13
0
25
15
28
28
6
23
32
2
13
12
12
13
13
5
12
12
4
7
0
9
9
9
9
9
9
9
9
9
9
9
9
9
9
9
9
9
9
9
9
9
9
2
13
13
13
13
3
0
165
165
165
23
6
166
22
22
0
12
12
7
7
12
0
0
4
4
4
4
4
4
4
4
4
6
6
0
17
12
16
167
167
167
167
12
24
24
24
8
23
13
5
22
8
8
8
8
13
8
168
7
7
7
7
16
16
16
169
6
170
170
170
7
48
7
7
7
7
4
15
15
15
15
12
4
4
24
24
24
25
16
12
12
12
13
8
8
8
23
23
22
13
13
22
12
171
12
0
0
27
27
27
4
22
4
0
27
7
0
6
6
32
25
43
23
4
6
6
6
6
6
6
6
6
6
10
24
10
12
5
5
5
5
5
5
5
5
5
5
29
24
4
16
172
4
0
10
0
5
10
12
17
13
17
17
17
17
17
17
13
0
2
2
2
24
10
10
5
12
6
12
22
7
7
10
5
4
7
43
43
43
30
58
4
17
0
4
4
15
15
15
23
23
23
12
12
173
173
173
4
17
29
4
4
4
4
39
12
12
5
0
32
32
32
16
16
16
12
12
174
175
4
4
4
176
8
6
22
4
24
24
24
6
6
2
177
13
6
3
12
12
12
17
17
17
25
25
25
25
178
16
7
27
27
17
5
5
5
5
5
6
48
6
0
36
36
39
39
39
39
39
12
24
24
24
17
5
5
5
5
5
5
5
8
2
2
2
2
2
2
2
2
2
2
2
0
10
32
58
32
32
32
32
32
32
16
12
7
5
13
13
12
43
12
7
7
16
16
0
28
16
24
12
12
12
12
12
12
12
12
12
5
7
7
7
30
2
6
6
15
2
2
27
2
2
2
33
33
33
33
33
0
0
7
22
15
15
31
31
31
31
31
31
31
31
31
31
31
31
31
31
31
31
31
31
31
24
12
25
16
2
2
6
6
179
179
15
12
7
12
12
12
12
25
0
43
43
23
23
180
181
69
24
24
24
24
24
182
182
0
7
28
13
13
24
24
4
4
4
4
4
4
4
4
4
4
6
6
5
12
12
12
2
10
2
13
10
10
10
10
24
10
10
10
10
6
10
10
10
10
33
10
17
13
13
6
6
6
183
7
3
3
25
7
12
12
5
12
23
10
33
5
24
24
56
56
56
56
10
10
184
0
5
12
10
12
6
7
185
185
7
7
7
7
7
25
25
0
16
16
186
186
186
186
7
7
7
7
29
29
7
7
7
23
23
23
187
1
1
1
1
1
188
188
188
188
7
30
43
43
12
10
10
24
24
0
25
2
22
10
12
43
12
10
3
3
3
54
54
54
2
2
58
58
12
4
4
4
4
10
10
27
27
27
27
27
27
27
27
27
27
27
2
27
32
22
22
0
0
138
32
22
2
12
12
12
12
2
2
2
189
10
13
8
5
4
13
23
0
5
0
24
12
12
12
12
190
191
191
191
191
0
7
43
10
10
28
32
2
22
192
13
4
22
33
2
24
24
12
22
22
2
17
17
30
30
30
30
22
39
39
39
4
23
10
6
23
6
6
6
6
193
193
193
0
0
3
3
3
3
3
3
3
3
3
3
3
3
3
3
13
13
8
5
4
194
90
90
195
195
30
30
26
30
16
5
5
10
10
0
0
2
6
6
6
6
6
6
6
16
16
16
16
6
23
23
10
6
6
13
13
0
0
2
2
13
24
0
0
0
196
196
197
197
15
7
7
7
4
7
198
198
30
30
7
7
199
16
16
16
16
7
4
12
22
4
2
10
2
32
32
32
12
12
200
17
17
10
8
22
8
8
8
8
8
8
8
8
8
8
13
8
0
0
0
12
10
10
33
13
0
12
30
30
30
3
16
201
10
25
31
0
0
27
27
27
26
26
26
26
26
26
26
15
15
4
4
4
4
4
4
4
4
4
10
26
5
7
5
0
0
0
0
10
10
202
0
16
203
203
12
12
30
30
30
30
0
30
10
10
10
2
2
2
2
2
5
12
12
5
12
12
7
12
12
2
6
6
3
3
3
3
15
30
30
30
17
8
4
4
12
12
0
204
204
13
10
10
10
2
2
8
0
7
12
205
205
205
205
12
30
12
6
8
8
2
17
12
17
17
23
17
10
2
15
15
15
4
4
6
4
31
4
4
4
206
0
0
13
12
12
12
12
3
25
8
8
3
3
4
4
207
4
10
13
12
8
4
16
12
12
3
12
12
12
17
17
208
25
25
13
27
2
5
5
5
5
5
5
5
5
5
5
12
5
5
5
5
5
5
22
22
22
22
22
5
5
5
5
0
8
25
209
210
210
211
7
7
7
212
7
213
213
214
215
215
215
29
216
216
216
217
217
16
7
7
13
0
17
15
15
15
15
30
30
10
22
24
0
10
10
12
28
28
13
12
0
218
22
4
2
5
7
10
17
5
5
5
5
5
5
5
5
5
5
2
7
7
25
25
0
2
12
219
220
221
222
7
7
24
223
30
27
6
6
6
12
224
224
225
225
4
27
12
31
26
26
22
24
24
6
13
24
15
15
0
24
2
2
0
226
4
4
4
0
25
10
2
227
12
2
15
0
0
228
24
16
4
0
5
5
22
13
13
3
22
7
8
8
23
43
43
12
13
12
229
25
30
10
6
6
230
6
6
32
16
16
7
5
7
5
12
12
16
58
58
16
231
7
7
7
0
0
0
7
232
232
7
7
7
7
7
7
233
233
174
6
2
2
12
234
235
10
12
10
12
12
12
30
30
30
5
30
30
30
30
7
8
8
8
8
8
8
8
8
8
8
28
8
8
8
8
8
8
5
8
43
43
9
236
32
13
12
5
12
12
12
17
13
13
2
2
24
24
10
22
10
5
58
58
58
6
13
12
12
7
8
8
8
237
237
237
237
43
25
17
2
12
8
22
8
16
30
17
28
6
6
30
3
12
238
10
10
2
32
0
22
17
25
8
3
8
2
0
0
23
23
0
0
0
33
33
2
3
7
7
23
25
2
2
2
2
2
0
27
6
7
33
33
33
239
0
12
12
12
30
30
17
0
13
13
13
13
32
15
15
2
13
13
26
31
26
32
26
39
7
16
43
240
240
240
240
240
240
240
240
240
240
240
240
2
10
10
10
32
32
32
5
13
2
27
27
241
138
242
242
242
15
15
5
5
7
243
243
7
7
7
7
7
244
244
244
24
24
24
0
24
17
43
245
0
0
4
4
58
4
2
2
2
4
4
4
7
7
7
7
30
30
30
15
15
15
15
15
0
2
246
3
2
13
12
13
10
0
10
7
7
7
15
25
25
25
25
25
25
25
25
25
6
6
6
10
10
10
2
2
8
6
6
247
13
2
2
2
7
2
27
2
28
248
248
4
4
12
12
22
0
0
249
249
249
24
250
12
12
7
0
0
13
13
23
12
12
12
12
22
7
13
31
13
13
13
6
6
6
6
6
6
6
6
9
17
22
10
2
251
9
13
30
30
25
25
30
25
22
22
22
22
24
7
17
17
12
25
25
12
12
252
0
253
15
0
0
0
25
25
25
25
25
25
25
39
39
12
33
33
30
30
30
0
8
10
10
2
2
2
2
0
6
2
2
6
13
2
6
6
22
22
22
254
4
4
22
6
6
22
22
17
30
30
7
7
7
7
7
7
7
7
255
7
7
7
142
4
39
39
16
16
256
256
256
256
256
12
4
4
24
10
2
32
6
6
13
0
0
5
5
5
7
7
7
56
2
8
8
8
8
8
8
8
8
257
257
29
29
29
8
15
22
3
6
6
258
258
258
39
15
7
8
8
8
8
12
12
12
5
259
260
10
24
23
4
12
12
29
6
29
3
13
13
13
8
8
8
8
23
16
12
2
261
15
8
15
5
5
12
12
12
10
0
2
17
17
17
6
6
6
6
6
2
13
22
3
5
3
13
5
10
10
10
10
32
12
12
12
12
8
8
8
8
2
17
13
2
8
4
138
12
12
30
30
6
23
5
5
5
22
22
12
33
5
16
43
16
16
16
4
15
15
2
2
27
28
28
28
5
3
3
22
12
22
25
12
12
10
2
27
2
2
12
12
22
31
7
15
7
7
7
7
7
262
1
1
4
4
4
2
2
17
12
12
12
12
12
15
23
29
5
17
33
33
13
0
33
103
58
12
58
58
58
58
58
58
58
58
58
27
58
58
58
58
58
58
6
0
3
3
3
5
0
16
263
4
2
2
2
30
30
7
2
24
24
6
6
12
25
10
25
5
12
264
8
8
12
12
6
22
22
12
12
43
2
12
22
22
17
26
6
2
2
22
12
12
5
5
10
5
12
12
6
6
6
6
0
8
8
8
8
8
8
8
8
10
10
5
10
0
22
22
22
22
22
5
5
43
43
24
22
22
12
265
0
24
2
6
17
6
6
5
5
5
6
3
15
30
30
2
30
30
30
30
30
58
0
0
0
0
10
4
12
25
5
5
5
5
5
17
4
4
4
0
0
0
2
2
2
22
10
2
5
3
12
0
266
266
16
0
7
7
267
7
7
268
269
269
7
7
7
270
43
43
43
43
3
6
0
4
4
4
4
4
10
30
58
58
58
2
2
27
27
27
2
8
13
43
12
10
5
5
3
3
23
15
0
0
0
22
33
13
13
13
3
271
16
6
27
32
4
4
4
6
10
8
13
6
6
2
6
15
272
24
24
12
10
0
0
3
0
32
15
2
6
12
0
0
0
24
0
10
10
24
22
22
22
22
22
22
22
22
22
22
22
22
22
22
22
22
25
7
24
24
24
6
6
25
5
5
6
12
24
24
2
6
0
0
12
13
13
3
3
3
8
8
8
10
8
8
43
12
26
147
17
17
2
4
10
10
10
10
10
10
22
15
15
30
22
30
30
30
25
7
12
273
274
16
2
0
0
0
10
0
10
10
28
28
13
6
6
6
17
24
275
5
13
10
4
13
32
0
5
25
25
25
25
25
25
25
25
25
25
25
29
29
16
16
4
4
29
4
43
43
4
4
276
276
17
17
12
16
1
1
1
0
30
58
30
7
48
7
277
277
7
30
30
30
278
278
22
2
6
22
6
6
6
3
0
0
0
0
6
22
13
279
279
280
281
12
26
26
6
6
6
6
6
6
17
12
12
12
12
12
12
12
12
12
12
12
12
7
13
27
282
13
13
0
0
0
4
4
32
48
48
48
48
27
27
8
33
0
7
28
28
28
28
28
28
28
28
28
28
0
0
0
30
2
2
2
30
283
5
284
284
284
22
22
29
3
8
12
27
6
23
23
3
23
23
0
10
8
3
12
13
25
25
2
2
2
2
32
13
25
25
7
17
22
22
10
2
25
13
6
6
6
26
12
12
31
6
6
4
4
30
30
3
3
4
4
16
23
6
43
6
6
39
39
39
43
43
24
10
4
4
31
4
5
25
25
25
7
0
0
17
24
5
5
5
5
5
5
5
5
6
5
17
12
13
2
5
5
5
17
17
17
27
10
7
7
0
15
151
16
16
16
16
2
17
22
13
28
15
0
0
13
24
12
23
6
33
33
2
2
30
30
5
2
24
22
3
285
16
25
3
8
8
23
23
26
286
23
23
23
23
23
58
58
287
10
13
288
3
3
3
4
6
7
22
22
24
24
24
24
24
6
6
289
289
22
32
32
32
32
32
32
32
32
32
32
32
32
32
32
32
32
32
32
32
32
32
32
32
32
32
32
32
32
32
32
32
13
13
0
4
290
290
290
290
290
290
290
290
290
290
290
290
290
5
6
6
6
22
22
0
26
12
6
3
3
10
2
22
7
0
22
22
25
10
30
30
6
6
22
22
3
24
12
13
13
22
10
22
22
8
8
8
12
27
4
4
4
6
8
8
291
291
23
4
4
4
3
10
6
6
6
6
4
6
6
10
6
10
10
6
10
17
2
6
6
6
0
7
2
2
6
292
292
7
10
8
8
8
2
2
2
0
0
10
27
27
7
58
15
0
7
3
23
293
2
30
4
10
4
4
8
15
12
58
294
294
294
186
7
295
295
15
243
296
1
1
1
26
26
26
26
30
17
3
13
13
7
7
7
12
29
29
29
30
6
30
30
8
27
27
30
32
32
25
25
25
25
27
2
6
13
31
31
31
22
22
4
2
22
0
0
10
22
6
22
9
27
7
0
17
17
17
22
17
17
24
6
6
6
6
32
8
8
8
8
2
6
6
6
2
2
6
2
6
6
2
3
3
6
6
6
12
6
6
6
297
30
10
24
30
30
13
13
298
299
299
299
43
0
0
6
6
7
13
4
2
6
12
6
2
2
2
2
2
2
2
2
2
2
7
24
24
17
17
12
6
10
10
10
22
22
23
12
12
300
2
24
24
24
4
2
2
301
301
9
0
9
9
29
10
15
10
10
13
13
22
22
15
302
48
10
10
10
32
32
43
43
43
43
29
33
9
3
0
39
3
3
13
16
16
16
16
6
0
43
7
7
242
0
0
0
0
43
43
15
0
0
2
156
156
294
13
13
5
303
3
13
13
0
7
304
5
24
2
4
13
2
26
13
13
13
4
4
17
12
0
10
2
0
2
13
0
6
6
12
22
22
22
29
29
26
26
26
26
26
26
26
26
26
29
29
29
29
29
29
22
15
15
0
2
2
2
2
2
24
15
15
10
2
17
17
2
2
30
12
5
43
43
29
29
3
3
3
17
17
13
0
6
3
23
23
1
1
1
1
1
1
1
6
31
6
12
12
58
25
25
0
27
0
2
2
2
2
5
5
5
5
13
13
13
13
13
5
5
5
5
16
12
12
12
5
5
31
31
17
27
27
27
27
27
27
27
27
27
27
27
27
27
27
27
27
27
27
27
27
27
27
27
27
26
27
25
25
22
22
27
27
2
2
12
12
10
2
8
5
5
32
7
2
2
13
13
10
10
10
17
13
7
7
7
43
43
6
6
6
6
6
6
6
29
29
7
7
7
56
56
7
295
295
12
39
7
7
5
5
305
7
16
0
0
0
0
8
16
306
306
2
6
24
0
12
2
2
22
22
3
3
12
43
43
4
6
17
10
30
4
4
4
4
25
4
4
4
243
243
243
4
307
6
6
6
22
22
8
10
8
12
23
12
28
31
28
28
28
28
28
28
28
28
28
28
28
28
28
28
28
7
6
6
0
0
17
22
22
22
0
5
5
308
308
308
13
2
13
2
2
255
2
2
2
2
2
2
309
12
25
8
8
8
13
29
29
0
4
25
25
24
25
3
8
8
5
25
3
3
6
6
23
23
23
23
2
2
4
4
6
15
15
7
7
6
0
0
0
0
2
2
7
30
43
30
4
4
10
310
310
2
2
2
2
27
3
25
24
8
32
22
10
10
10
31
12
12
12
12
10
10
29
30
3
8
22
22
29
29
29
6
26
26
12
2
2
2
2
2
2
2
2
2
2
31
31
31
31
31
31
31
31
31
31
31
31
31
31
31
31
31
31
3
17
17
8
8
8
8
7
311
7
7
312
312
312
312
312
312
312
313
138
138
314
314
315
315
315
7
15
7
6
6
6
6
17
17
10
10
6
6
17
13
0
0
0
24
17
3
0
27
27
27
3
3
26
22
5
5
12
10
30
30
30
30
13
316
317
317
6
9
13
13
3
10
10
24
24
24
24
8
43
29
3
12
5
6
9
9
9
24
10
30
10
3
3
12
6
6
6
2
2
2
2
318
12
24
16
8
8
8
2
2
319
320
320
12
3
10
10
0
58
321
13
10
30
23
6
16
0
13
2
23
23
33
16
5
6
6
6
6
6
6
13
0
0
0
0
24
24
33
33
17
17
2
2
6
2
2
2
2
2
2
2
2
2
2
2
12
2
2
2
2
2
2
2
2
2
2
2
2
2
4
4
4
4
12
0
4
22
22
22
23
0
31
31
31
322
322
322
322
322
2
25
13
13
13
13
13
2
2
2
2
2
0
323
324
30
33
33
33
6
12
29
29
29
29
6
325
25
25
301
4
3
3
3
3
58
12
29
0
12
9
326
0
3
25
27
22
22
22
22
22
22
5
0
7
7
7
0
7
327
5
23
328
328
7
32
7
329
329
330
330
16
16
43
43
43
13
13
25
17
4
27
43
25
22
331
331
331
30
9
24
24
6
24
332
332
22
333
4
13
10
12
7
7
7
0
0
13
0
15
15
0
0
0
22
22
12
12
2
10
10
9
10
43
43
32
32
30
4
32
22
15
13
15
22
3
3
24
43
6
6
6
6
6
6
0
0
22
2
334
25
25
12
43
23
5
12
13
8
12
24
4
4
4
22
4
4
6
2
5
17
56
56
56
56
56
56
10
335
28
56
56
56
56
56
56
56
56
56
56
56
56
56
56
56
56
56
56
56
56
56
56
56
56
56
56
56
56
12
12
43
43
43
16
336
3
24
23
23
12
23
23
337
8
10
5
5
0
13
13
13
24
5
12
25
13
25
338
23
23
17
30
30
30
30
30
30
2
2
2
339
339
185
58
58
58
58
58
58
58
58
58
58
58
58
58
58
58
58
58
58
58
58
58
58
58
58
58
58
58
58
58
58
58
29
29
25
12
12
12
12
12
12
12
12
12
12
7
7
0
7
7
340
340
340
340
340
39
341
341
341
16
0
342
342
342
30
343
25
25
25
25
27
6
6
2
6
6
4
344
24
345
43
27
12
12
12
2
2
2
2
310
346
25
24
24
24
24
24
24
24
24
24
24
24
2
347
347
58
17
17
17
17
7
7
6
9
9
9
54
54
2
0
26
29
28
6
6
6
6
6
6
6
6
6
6
8
8
348
2
2
13
13
13
24
24
27
27
27
27
27
27
27
27
27
27
27
27
27
27
27
27
27
27
27
27
27
28
27
27
27
27
27
27
27
27
27
27
27
27
27
27
27
27
27
28
27
27
27
27
27
27
27
27
27
25
25
8
4
15
15
2
4
33
33
33
33
138
138
138
138
138
10
10
23
25
6
28
13
13
3
22
6
6
6
6
6
6
4
4
12
12
0
4
4
7
43
43
43
43
31
31
31
31
31
31
31
31
31
31
31
31
31
31
31
31
31
31
31
31
31
31
31
31
31
31
31
31
31
31
31
2
31
31
31
6
6
6
6
349
31
31
31
31
31
31
31
31
31
31
31
31
31
31
31
31
31
31
9
350
22
24
24
24
24
8
8
4
4
17
25
2
13
0
16
16
13
30
30
10
7
7
10
351
351
352
22
16
16
4
3
3
6
10
353
2
0
0
0
0
0
354
58
58
58
58
10
58
23
23
23
355
4
10
8
10
6
6
29
29
356
356
7
15
13
10
13
6
25
24
24
4
4
4
6
4
4
8
8
8
8
8
8
8
6
10
2
2
2
2
2
2
2
2
2
2
2
2
17
31
4
10
10
10
7
6
12
12
10
2
3
3
3
3
13
2
24
25
25
25
25
4
25
25
24
2
30
4
4
7
7
7
357
357
16
39
7
7
7
32
32
29
29
27
27
27
27
27
27
27
27
27
27
27
27
27
27
27
27
27
27
27
27
27
27
27
27
27
27
358
358
6
8
8
25
25
10
25
23
10
0
0
0
23
23
359
360
361
362
340
340
12
363
25
25
25
28
28
28
8
23
23
23
6
6
6
364
12
12
12
12
365
365
365
6
6
6
6
6
6
27
27
27
27
12
2
2
22
10
2
7
7
12
28
13
3
2
24
0
0
0
10
10
32
32
32
6
17
17
33
4
4
6
9
9
23
23
23
23
23
366
366
3
3
6
39
39
367
17
368
43
9
4
4
4
4
4
4
4
5
138
8
5
32
30
6
30
30
30
30
25
6
6
6
6
6
2
2
369
370
30
22
10
10
32
29
0
33
33
26
5
6
13
13
13
13
13
43
23
6
6
6
6
5
5
12
4
8
10
30
30
32
0
31
24
24
10
24
24
5
5
5
5
5
13
371
13
22
15
15
15
3
3
13
4
27
27
27
27
4
10
17
17
7
6
27
7
8
10
10
10
32
372
23
17
30
24
24
12
12
30
5
5
5
23
23
23
23
23
23
23
23
12
12
15
15
15
23
23
23
23
0
12
2
12
12
12
16
23
5
5
5
5
5
10
12
7
24
10
10
6
2
26
26
26
26
15
373
30
30
10
26
26
26
26
13
13
27
27
27
374
32
6
16
4
6
4
0
30
24
30
30
4
10
13
5
10
16
7
7
375
7
7
15
1
1
1
1
1
1
1
1
1
7
7
151
151
151
376
376
376
7
377
377
377
243
39
39
39
39
39
39
39
39
39
39
39
39
39
39
39
39
39
39
39
2
26
7
23
23
23
1
1
1
1
1
1
1
1
1
1
1
1
1
378
378
24
10
27
5
5
23
23
23
13
173
173
12
12
12
12
4
6
43
13
22
4
2
32
32
32
32
32
32
22
0
15
15
17
8
2
2
2
10
0
0
0
0
8
17
12
32
30
30
30
10
30
30
7
7
7
7
16
16
10
32
8
7
7
5
12
10
25
25
25
25
25
25
4
379
12
4
9
13
156
15
15
58
6
6
6
6
6
17
10
0
13
0
0
0
4
23
17
10
29
29
29
12
12
12
12
12
12
12
3
3
6
6
30
30
30
30
12
12
13
6
6
6
6
6
6
6
6
6
0
10
10
10
16
30
30
30
30
30
30
27
0
5
5
5
5
58
2
2
12
12
6
10
10
2
10
15
15
12
3
3
13
13
13
24
24
24
380
7
30
30
30
30
30
30
30
30
381
381
58
58
58
58
382
2
2
22
22
22
24
8
8
0
0
24
25
16
3
17
17
17
4
8
8
8
8
8
8
8
8
8
2
5
8
3
25
25
25
25
25
25
383
383
383
383
7
16
7
7
7
48
4
58
58
15
56
56
56
7
384
384
384
7
385
386
7
387
4
7
76
76
76
76
76
25
25
24
24
17
17
0
0
13
13
2
2
13
388
388
388
2
4
2
371
371
371
371
371
371
371
24
4
27
10
10
10
4
4
2
8
8
2
4
0
3
10
10
10
13
13
389
389
389
22
22
10
12
31
6
6
6
7
7
7
390
390
28
28
13
7
2
3
3
3
3
7
10
10
12
29
29
29
29
29
29
29
39
29
3
2
2
6
6
6
6
6
12
391
0
2
3
3
25
27
23
23
17
17
4
10
10
10
10
10
8
8
8
8
8
13
24
25
13
30
17
25
25
2
2
2
22
28
43
32
32
6
6
6
43
392
9
393
393
393
0
4
43
13
30
30
30
30
17
394
17
7
7
2
12
27
93
13
31
2
10
0
0
0
2
6
31
395
395
5
5
5
5
5
5
5
5
5
5
5
13
24
24
8
24
24
24
30
30
33
33
33
33
22
22
22
22
22
8
3
6
8
8
26
12
12
12
4
12
12
12
12
12
12
12
12
12
12
12
12
12
12
12
12
12
12
12
12
12
2
10
10
12
16
16
16
2
24
6
33
23
30
30
13
12
16
16
6
7
7
7
396
396
396
397
7
7
398
28
15
15
7
56
7
5
16
76
76
76
76
3
3
10
4
6
2
4
6
12
12
22
17
6
17
17
17
17
17
17
17
17
0
6
23
7
33
33
25
12
12
7
13
13
8
399
6
0
400
400
400
400
400
400
5
5
6
12
8
8
4
401
17
17
17
17
402
402
402
402
17
0
24
5
24
24
24
24
29
29
29
25
4
4
4
4
30
2
2
30
30
8
10
2
12
12
4
4
4
17
4
4
12
12
403
6
12
12
12
12
0
0
12
17
17
17
17
6
10
0
24
24
404
5
13
23
22
22
22
22
12
28
28
7
27
8
8
8
8
33
4
12
24
12
12
12
29
32
32
32
32
15
15
15
0
405
24
371
371
371
371
371
43
28
28
28
25
3
3
4
4
4
0
30
406
0
25
12
25
25
10
23
23
0
0
27
27
27
27
27
27
27
27
27
27
27
27
27
27
27
27
27
27
27
27
7
6
407
22
22
22
6
6
24
24
13
13
13
10
4
8
22
22
16
58
58
22
8
8
8
5
5
5
17
408
409
22
22
22
22
22
22
22
22
16
16
0
0
0
2
12
1
1
1
1
1
1
1
1
1
30
30
30
17
17
17
10
8
10
17
2
410
30
24
30
29
29
6
6
6
6
6
6
6
6
6
6
6
6
12
12
4
4
4
4
13
13
2
43
22
6
10
27
32
15
5
5
6
6
6
12
0
8
8
10
24
6
6
13
13
22
22
22
22
8
8
8
6
29
29
7
7
12
12
12
12
12
6
6
12
12
24
12
13
13
13
13
13
22
22
22
22
22
22
22
22
411
7
0
7
7
412
7
413
414
39
415
28
7
24
7
10
5
5
5
22
10
10
30
33
4
33
22
8
8
8
10
10
10
30
13
23
15
23
23
23
23
23
23
2
23
23
23
23
23
30
0
0
2
5
5
8
15
15
15
310
13
30
30
2
43
43
0
22
22
23
23
23
23
23
23
2
2
23
33
2
24
12
0
8
24
22
22
22
22
22
22
22
15
5
5
5
5
5
10
10
8
8
23
416
5
5
0
196
196
196
24
26
10
6
6
2
2
6
6
12
4
4
4
30
30
30
30
417
418
418
10
10
15
15
6
58
58
58
58
58
58
58
58
58
58
58
58
58
58
58
58
58
58
58
58
58
58
58
58
58
58
58
58
58
13
8
419
419
24
12
12
12
13
30
6
25
22
12
6
10
2
6
4
39
39
39
6
6
3
0
4
17
17
6
6
6
6
6
6
6
6
6
6
6
6
7
4
17
7
2
32
12
12
24
24
3
3
7
8
13
0
30
22
8
8
2
13
0
0
420
13
22
23
3
43
43
43
10
10
10
10
10
10
10
58
421
8
422
422
422
422
423
2
27
6
13
12
6
6
30
24
424
13
17
17
17
17
17
17
17
17
17
17
33
6
3
3
2
2
425
7
0
0
12
3
4
6
6
6
6
8
8
33
426
427
15
10
15
198
198
198
198
16
4
4
2
2
428
428
428
429
7
15
7
94
94
16
15
0
3
3
13
23
23
4
4
8
8
4
4
22
2
5
23
23
23
33
430
2
402
8
8
8
4
8
3
12
12
12
12
12
12
12
12
12
12
12
12
8
10
431
26
26
26
26
26
26
26
26
432
433
0
0
10
10
10
10
6
6
24
8
8
8
8
8
5
8
32
3
3
2
3
6
6
30
30
0
23
23
23
22
7
4
25
25
25
25
403
403
3
3
3
3
24
24
29
29
29
4
4
4
2
4
13
24
0
0
4
10
4
2
17
6
4
4
4
25
25
10
6
434
24
24
3
13
7
6
17
17
17
17
24
24
24
24
24
24
24
24
435
436
4
16
0
23
23
30
10
10
10
10
437
2
2
2
2
6
438
10
10
10
2
2
2
2
56
56
56
6
6
2
439
8
440
17
6
2
10
6
6
6
6
28
441
29
29
12
2
15
2
2
2
2
2
13
442
442
442
8
8
6
13
0
4
5
5
5
3
3
6
6
443
443
443
443
443
333
30
30
24
403
10
5
10
10
12
31
31
31
31
31
31
31
31
15
24
6
8
22
8
147
147
147
147
147
147
147
147
147
147
147
147
147
147
147
147
147
147
147
147
147
147
147
147
147
147
147
147
147
147
147
5
5
0
444
0
0
25
22
22
3
3
6
4
4
4
4
445
446
446
446
4
4
4
93
7
7
7
7
7
328
56
15
447
447
39
39
39
39
39
39
39
39
39
39
39
39
39
39
39
256
256
448
448
448
448
13
13
13
13
13
449
449
449
449
17
13
25
8
4
2
450
58
58
2
2
2
23
23
7
4
16
30
30
30
8
8
8
26
26
26
16
43
43
43
43
7
371
371
10
17
10
17
16
16
8
0
451
451
8
4
30
6
6
4
4
4
4
4
30
30
27
24
452
452
3
3
3
24
0
3
6
2
2
2
2
2
2
13
25
12
8
8
8
453
29
29
29
24
22
5
5
6
56
6
10
10
12
454
6
6
6
6
6
6
27
6
2
15
15
2
7
1
1
1
1
1
1
1
1
1
1
4
4
4
25
8
39
25
25
0
24
24
24
24
24
24
32
32
32
32
32
32
32
32
32
32
32
32
32
32
32
32
32
32
32
32
32
32
3
13
13
2
30
30
30
10
2
2
2
2
13
6
6
7
2
2
30
15
15
15
2
3
17
4
8
10
4
15
4
4
7
15
16
6
6
28
28
28
248
23
23
23
4
32
3
10
27
27
27
27
27
27
12
2
2
2
25
17
17
17
17
455
455
455
24
7
7
0
5
43
2
33
265
265
16
2
8
13
403
403
28
320
24
24
6
24
24
0
12
12
48
39
39
357
456
29
29
457
7
301
16
15
7
43
43
48
48
458
458
458
459
459
459
459
23
23
29
29
7
7
414
7
460
460
460
460
460
43
43
16
16
16
16
16
16
16
16
4
0
0
0
0
12
5
24
8
8
12
12
6
6
6
6
7
39
8
27
0
30
461
2
2
6
24
0
0
0
6
6
6
2
2
25
462
462
23
23
43
463
32
29
2
2
2
2
2
25
6
6
16
17
17
17
17
17
17
17
17
17
17
17
17
17
13
0
33
0
2
2
2
2
3
7
5
5
8
12
0
7
0
0
39
39
39
39
39
39
39
30
2
24
306
6
6
6
6
6
32
13
5
5
12
464
10
10
10
13
8
12
12
43
8
8
6
6
6
6
4
4
4
13
10
13
465
10
10
466
466
466
466
466
466
466
466
466
466
466
466
466
30
30
30
30
30
30
30
30
30
30
17
30
30
12
13
31
31
198
2
10
15
15
16
16
16
2
30
6
17
8
24
10
12
12
27
27
27
6
2
2
3
25
25
25
25
25
0
32
13
13
13
13
195
17
26
26
24
24
24
24
16
4
2
0
0
24
24
24
24
24
24
24
24
24
24
467
6
468
93
93
93
25
16
3
27
27
27
27
27
27
27
27
27
27
27
4
2
7
10
25
25
9
12
10
0
3
16
16
29
29
29
29
12
12
43
0
7
469
469
151
470
457
428
428
25
471
7
7
7
7
23
7
466
466
466
7
43
43
16
3
3
3
3
16
13
15
15
256
256
10
10
10
7
472
10
3
2
2
4
4
0
30
10
10
10
12
4
4
473
4
15
16
13
13
13
13
13
13
13
13
0
0
12
12
8
474
26
13
475
2
2
4
56
10
10
10
7
7
3
3
8
30
30
30
26
26
30
30
17
13
3
3
3
3
13
13
13
13
13
12
32
32
237
237
237
476
2
477
9
13
23
23
24
22
478
478
13
17
17
17
17
17
17
17
25
25
25
2
2
10
10
10
10
10
10
22
13
13
27
13
2
2
2
2
12
479
10
10
10
9
9
9
9
9
16
0
22
12
351
351
480
0
4
58
58
58
58
25
25
25
25
30
30
30
30
30
29
6
12
12
12
12
22
10
4
5
25
17
30
12
351
351
8
8
8
17
30
30
30
4
6
4
9
9
9
0
23
6
12
24
24
5
10
163
17
48
5
23
13
0
2
3
3
33
33
2
10
10
12
23
24
22
17
7
0
22
22
0
4
25
22
4
4
3
16
24
24
2
25
25
25
13
8
5
30
13
39
39
39
481
481
482
482
482
16
16
457
483
483
483
16
16
15
7
7
7
484
26
7
466
466
7
7
485
486
486
12
26
12
12
12
27
27
27
27
27
13
13
13
8
22
25
25
13
13
33
10
10
10
10
10
25
24
6
2
2
58
58
58
58
58
58
58
58
58
58
58
58
58
58
58
58
2
6
6
12
12
4
4
43
3
12
23
12
33
33
15
6
22
3
3
3
0
0
6
6
6
25
12
0
487
487
29
8
8
6
6
2
8
16
16
4
13
13
13
12
13
16
16
58
5
32
3
5
39
39
39
39
43
17
3
15
488
2
2
30
30
30
30
30
30
30
30
10
10
10
10
25
13
5
8
4
4
4
4
402
12
12
12
12
10
179
9
489
490
22
2
5
13
13
13
491
27
27
27
27
27
27
27
27
27
5
24
29
29
29
10
6
492
13
13
13
3
10
6
9
9
0
33
2
493
493
493
493
0
24
5
4
30
3
3
30
0
494
2
2
6
2
0
5
10
30
6
27
6
7
4
495
24
8
8
0
0
496
6
6
43
6
15
15
497
497
497
498
7
16
13
13
499
499
7
500
500
500
501
466
24
7
295
502
502
7
503
256
16
16
16
15
15
8
2
27
13
2
23
23
23
23
23
23
23
23
24
24
22
16
43
43
43
43
0
0
0
504
23
23
23
23
23
505
506
506
506
507
508
509
510
29
511
6
2
22
29
512
513
514
43
43
515
32
23
29
29
23
23
23
23
23
23
23
23
516
517
517
29
6
6
6
29
518
518
518
518
519
29
29
29
520
520
0
509
43
23
23
6
0
521
10
10
522
23
23
13
33
523
8
8
0
0
22
13
7
7
5
39
39
39
39
39
39
39
39
39
39
39
39
39
39
39
39
39
39
39
39
39
39
39
39
39
39
2
2
5
23
23
3
10
33
6
33
17
17
17
29
29
29
29
17
17
524
525
525
5
5
5
13
13
13
7
22
6
24
15
15
15
23
10
22
27
22
6
23
23
23
23
23
30
23
23
23
526
526
23
6
402
0
9
30
527
12
12
12
526
29
29
29
29
518
518
518
518
2
23
23
16
16
6
6
528
529
529
529
529
529
29
530
530
530
530
530
23
5
28
30
29
13
33
23
23
23
23
23
23
23
23
23
23
23
29
29
29
29
29
531
531
12
23
248
371
371
371
532
8
5
2
2
13
533
0
17
17
8
8
2
15
534
12
12
32
32
172
12
33
535
5
5
5
33
10
10
0
23
6
12
0
22
22
15
15
10
8
8
8
0
13
3
12
12
4
536
48
48
48
15
537
304
7
7
7
8
7
7
15
15
7
7
28
28
0
5
43
43
43
30
15
538
12
6
16
12
12
12
8
24
539
32
17
22
17
13
3
3
15
6
8
6
2
540
10
10
10
2
2
541
25
25
25
25
4
24
24
0
10
6
0
542
0
6
93
24
24
6
13
13
22
22
22
28
28
28
28
28
28
28
17
13
543
22
22
22
22
3
13
29
29
28
58
0
23
23
23
23
16
10
10
10
10
10
10
10
10
5
5
2
2
2
2
12
13
544
544
3
24
24
24
24
24
24
545
9
181
181
546
546
546
546
546
546
546
546
546
546
546
546
546
546
546
13
547
547
0
0
30
30
30
4
172
5
548
548
10
12
0
6
6
6
6
6
6
6
6
6
6
6
6
32
0
32
56
56
56
25
25
25
25
16
16
25
25
8
2
16
16
138
32
32
10
2
2
17
17
17
549
12
12
8
2
550
3
3
29
23
23
23
22
29
29
551
551
93
93
93
93
93
5
5
29
29
29
17
17
8
8
8
8
93
13
29
13
22
17
17
17
17
17
17
17
17
17
17
17
17
552
8
8
6
6
8
6
10
10
10
17
16
16
553
553
553
10
17
24
43
43
43
13
0
23
2
4
25
2
2
24
0
15
43
43
27
27
30
30
30
22
554
12
12
12
17
17
13
17
17
17
17
17
29
7
28
32
22
17
17
17
17
17
17
17
17
17
17
555
15
6
13
13
13
3
30
10
25
12
48
5
5
5
5
12
13
556
16
557
552
558
7
7
7
559
23
7
7
5
5
0
0
0
7
7
43
43
43
560
560
560
7
351
2
13
4
4
43
12
12
15
8
561
23
23
23
12
2
24
24
25
5
5
5
5
5
27
27
27
27
27
27
27
27
27
562
562
562
4
24
43
43
12
10
10
12
5
5
24
24
29
29
29
4
58
54
54
24
32
17
22
22
23
23
563
7
7
25
25
0
0
6
6
564
564
13
13
26
29
33
33
17
17
15
13
23
23
0
30
0
3
4
30
32
32
32
32
32
32
32
32
32
32
32
32
16
6
27
0
6
22
22
22
5
5
5
24
10
10
371
29
565
565
566
566
566
566
567
567
15
4
24
13
6
568
138
138
138
13
54
54
54
54
54
54
54
54
25
24
13
2
2
2
23
569
10
539
539
570
571
571
571
571
571
12
6
15
8
8
0
17
17
2
7
25
25
43
2
7
10
10
10
572
2
2
2
2
6
0
2
2
2
2
17
17
17
0
15
15
15
15
15
6
25
6
0
17
17
22
22
0
0
12
6
6
6
6
6
39
24
24
573
5
574
30
15
26
26
26
26
26
26
26
26
26
26
26
26
26
26
26
26
26
26
26
26
26
26
2
16
16
575
576
576
16
7
7
7
7
7
16
7
7
0
7
39
7
474
474
577
577
577
578
4
4
4
4
4
4
579
580
8
8
15
2
32
4
581
582
5
5
5
5
5
5
33
33
33
33
33
33
33
33
33
33
33
33
23
23
4
4
4
0
16
10
28
12
4
4
7
12
5
5
5
5
22
583
584
584
17
2
6
2
585
585
585
585
585
13
3
24
24
24
586
4
25
12
16
58
13
25
10
4
1
12
4
4
356
17
2
24
24
6
22
54
54
54
15
15
27
2
215
0
23
31
2
5
12
0
587
539
539
539
7
588
17
17
17
2
10
3
24
13
13
13
13
13
13
13
13
6
6
30
30
22
33
15
15
15
15
8
2
2
2
2
2
2
2
2
2
2
2
2
2
2
6
589
589
590
590
590
17
17
6
6
6
6
56
56
30
30
30
30
30
22
4
4
7
5
32
10
10
10
10
12
10
10
4
22
22
22
22
0
25
25
25
30
2
43
93
10
0
0
13
13
13
13
13
29
10
13
13
13
13
225
13
31
6
4
12
0
93
17
17
13
13
8
8
0
93
93
7
138
138
138
270
270
28
7
591
591
591
592
592
15
10
10
10
28
28
28
28
28
28
28
6
2
593
593
593
593
1
1
1
1
13
13
28
10
6
6
6
10
10
10
28
31
31
31
10
10
10
24
0
12
27
13
8
8
32
33
23
33
33
594
43
0
26
26
2
2
2
156
595
30
30
24
24
2
2
2
2
2
2
2
2
17
30
30
30
30
30
30
30
17
17
17
17
17
596
596
0
12
12
12
12
12
6
6
6
13
6
3
331
597
10
10
0
0
4
10
10
598
2
6
6
0
24
3
3
3
12
12
10
22
13
13
13
26
12
3
2
2
30
6
17
32
110
22
22
24
4
22
22
22
599
2
0
0
22
22
22
3
13
15
30
12
600
12
12
25
2
8
601
3
3
23
23
2
2
10
602
602
602
2
2
2
8
8
8
8
28
28
6
15
15
12
12
12
365
365
13
7
7
22
2
30
30
30
2
29
30
17
30
30
17
12
10
25
27
27
2
2
2
30
30
12
24
24
23
12
29
6
12
12
23
24
24
4
12
2
2
2
22
6
17
22
13
603
13
9
9
9
9
9
30
25
4
14
604
605
7
28
606
7
8
7
607
607
607
7
7
7
608
608
608
609
609
15
15
15
15
7
7
3
3
610
611
12
12
12
12
0
32
32
23
22
26
26
26
13
24
2
17
17
17
15
25
25
7
612
30
30
0
16
16
16
16
12
0
43
43
43
613
30
368
6
4
2
2
29
29
10
10
24
2
13
13
6
6
6
2
33
7
7
23
23
614
30
16
0
0
0
0
30
30
5
24
3
3
17
17
17
13
25
615
616
0
617
617
617
7
7
30
6
31
25
25
25
25
25
0
13
618
27
27
12
24
619
22
0
9
6
6
27
620
23
8
30
5
4
4
15
10
12
26
17
17
17
0
0
621
6
10
16
10
10
7
4
4
43
43
13
13
12
12
12
622
371
28
29
58
1
1
1
25
623
7
2
138
13
29
12
24
4
4
4
0
0
8
22
3
3
624
6
3
16
5
6
2
0
10
10
33
24
24
24
24
24
24
24
24
10
10
625
5
23
10
17
2
5
13
13
43
10
25
25
25
25
25
25
626
627
30
30
628
7
24
4
24
24
629
629
509
12
3
8
630
10
6
631
23
0
632
2
633
633
634
8
27
27
27
635
3
10
10
10
17
29
29
7
7
7
7
333
333
31
151
636
636
636
16
7
387
387
7
7
7
243
243
15
7
637
637
637
638
638
638
0
15
6
16
2
4
4
3
24
32
6
4
10
6
6
17
3
13
13
43
7
7
25
0
0
13
13
12
639
5
27
25
9
22
32
32
0
3
147
640
640
640
641
641
12
33
8
8
642
642
642
23
2
2
27
27
27
333
2
2
643
643
5
0
644
22
30
30
7
2
2
27
6
6
3
43
10
10
12
12
12
12
12
12
12
12
17
17
645
2
8
0
0
646
646
12
24
29
27
8
25
25
25
647
647
13
13
13
648
648
648
24
24
24
24
24
24
24
649
0
0
0
33
6
43
8
30
30
2
30
29
13
13
13
13
13
13
13
13
12
24
17
17
30
5
650
8
8
651
13
7
7
544
544
17
13
652
652
652
13
13
23
30
8
13
12
10
10
10
22
8
8
13
13
27
15
0
43
301
30
12
8
23
30
2
7
7
4
4
6
6
6
6
6
6
6
4
653
653
653
17
12
654
6
17
17
24
655
655
0
8
24
29
6
6
6
6
6
656
657
3
33
33
17
17
6
6
6
6
6
6
6
6
6
3
4
4
30
30
8
8
16
16
16
658
7
7
7
659
7
609
4
15
15
7
660
660
661
7
662
662
663
663
0
15
29
8
8
16
16
0
0
7
31
31
2
25
12
23
3
23
24
13
664
664
2
2
2
6
6
25
25
6
665
39
10
6
6
6
6
6
6
6
6
6
7
23
4
4
6
6
22
22
24
666
43
23
6
43
43
43
33
7
2
10
17
4
4
30
10
10
10
24
24
667
667
0
2
7
22
31
668
32
13
13
6
6
29
29
29
17
17
4
17
10
17
8
10
13
13
93
4
6
3
13
13
13
13
22
22
17
13
13
24
43
32
32
8
5
25
4
30
30
10
10
15
10
43
43
43
43
43
43
43
43
43
0
0
0
0
5
5
5
7
22
371
371
371
6
17
27
27
22
22
22
22
669
669
669
22
17
17
8
24
25
25
25
25
13
13
3
27
13
0
0
7
6
6
6
0
2
2
670
0
0
2
671
4
48
48
48
0
26
10
10
23
12
2
2
8
8
10
30
15
15
15
16
0
17
17
17
17
8
22
15
15
10
33
672
672
672
672
25
25
25
25
673
17
4
4
4
17
17
8
674
6
4
13
22
22
675
675
676
17
17
2
677
678
0
5
679
25
680
680
93
310
7
7
25
139
681
681
16
682
90
7
7
7
7
16
683
95
684
684
7
8
9
685
686
0
22
7
31
5
29
25
25
25
25
10
43
25
2
2
687
13
27
5
688
6
6
33
33
8
16
16
26
10
689
689
690
12
0
5
2
25
25
523
691
2
25
25
25
4
4
4
4
4
4
4
4
4
9
13
13
13
13
692
26
2
2
10
693
693
16
4
4
71
71
694
694
7
32
32
32
17
0
0
0
23
23
10
331
8
17
15
6
4
4
4
32
3
3
3
0
0
10
13
26
8
8
12
12
30
30
23
695
4
5
3
3
7
7
696
0
10
10
10
10
30
30
30
30
17
5
5
697
10
10
30
30
30
30
30
30
30
30
30
9
9
4
4
3
22
32
698
0
2
29
29
0
17
2
2
33
5
0
0
699
12
4
10
12
24
23
10
93
93
93
93
93
93
93
93
93
93
4
7
7
700
700
10
25
3
3
8
12
8
8
0
13
4
701
17
7
10
4
0
5
702
411
703
703
703
10
32
7
16
7
15
15
56
7
7
471
704
704
13
13
3
3
3
3
3
6
27
27
17
8
0
0
0
705
10
2
2
5
6
0
706
706
707
29
0
708
708
6
13
13
13
8
2
2
7
368
13
13
13
13
368
6
13
5
709
710
17
17
25
25
711
32
712
712
10
10
713
714
714
5
5
715
715
715
16
43
43
43
43
43
43
43
43
10
10
716
4
2
2
0
13
7
23
31
31
22
717
4
4
13
9
13
0
0
13
13
13
718
6
25
25
5
5
5
5
5
6
6
6
719
25
25
0
0
0
12
29
29
29
4
4
17
17
17
15
15
15
0
31
30
30
22
13
13
27
17
25
25
27
2
4
4
4
4
4
5
2
2
13
13
26
2
6
6
4
4
4
25
25
6
6
6
6
6
32
32
22
7
10
25
25
30
30
2
2
22
22
24
7
7
10
720
13
13
13
13
8
12
12
0
0
22
22
30
6
0
721
721
721
721
0
10
71
0
25
25
25
16
7
12
4
4
4
722
722
722
722
722
722
723
724
7
0
16
151
7
90
7
10
7
7
39
22
16
12
22
17
17
3
725
25
22
22
22
22
22
6
6
6
6
6
6
33
33
726
727
15
15
15
10
25
25
728
0
8
32
32
32
10
10
2
8
8
8
8
4
729
729
3
30
30
12
0
12
8
0
0
5
8
5
4
730
730
730
3
3
3
3
3
8
8
4
4
4
4
7
7
7
7
0
13
6
6
731
6
4
10
17
0
24
23
5
5
5
5
13
13
13
13
24
10
10
732
4
4
4
7
30
30
30
30
30
30
30
6
13
6
17
17
733
734
734
734
735
2
2
2
5
736
255
255
255
255
255
255
255
255
255
255
255
255
255
255
6
6
6
8
8
26
26
3
3
3
3
3
2
27
12
5
12
215
6
6
26
13
13
6
6
6
6
5
5
5
5
5
5
5
5
5
5
5
5
5
5
0
2
2
2
2
737
737
737
22
43
6
6
3
6
6
6
31
6
6
6
6
6
6
23
13
25
2
737
737
737
4
4
4
738
25
173
15
15
6
0
0
33
33
33
33
22
23
23
23
23
739
740
30
17
30
8
8
13
741
741
741
741
741
741
742
10
10
26
9
9
10
17
16
17
17
7
743
744
744
744
744
745
745
23
2
2
2
2
2
22
8
8
8
29
29
22
6
5
27
27
27
43
43
24
2
2
2
22
13
13
0
0
4
2
25
10
10
10
10
30
12
12
12
12
12
2
13
25
3
16
746
7
7
7
7
7
4
29
29
24
24
747
7
8
748
748
7
16
16
16
51
51
0
0
0
0
0
0
0
0
0
0
0
0
15
7
749
7
32
7
7
7
7
7
750
24
24
24
24
751
5
8
8
8
12
10
24
24
24
752
752
752
753
6
6
277
7
7
25
3
6
12
12
12
368
368
13
13
173
4
4
4
4
27
32
17
22
17
8
24
24
4
43
43
2
2
31
32
6
22
8
26
12
2
25
25
25
10
17
17
2
2
8
7
29
6
5
6
13
13
5
23
8
754
754
12
755
755
755
22
5
5
5
5
5
5
10
10
10
756
8
23
26
290
12
48
48
0
0
17
12
757
8
758
17
43
43
22
4
33
33
33
33
0
5
26
2
10
10
13
30
10
7
7
7
43
10
10
12
12
30
30
30
30
30
30
30
30
30
25
13
6
4
17
6
26
26
0
0
0
759
3
760
10
761
762
763
763
12
12
2
2
0
0
764
30
3
12
2
13
7
765
10
7
6
7
766
6
25
25
25
25
43
8
8
15
7
16
6
30
7
23
767
767
767
30
5
5
0
23
23
0
768
768
769
769
7
16
16
16
16
2
7
7
26
26
26
7
39
39
7
7
198
414
7
7
7
30
27
27
58
43
43
43
43
30
3
770
6
6
10
26
25
6
7
10
23
22
10
15
15
6
24
2
2
2
2
5
5
5
27
27
27
27
8
24
30
5
5
9
9
43
43
10
10
8
8
8
5
5
5
5
5
24
24
24
24
24
24
24
24
17
17
2
2
30
771
24
6
6
2
772
773
13
13
4
13
17
12
12
43
43
774
26
27
27
27
27
27
27
27
27
27
27
27
27
27
13
775
775
775
775
776
777
777
23
0
13
13
13
13
25
25
4
778
10
13
2
2
2
22
6
13
0
4
4
0
3
5
6
17
17
17
12
12
17
6
10
779
779
0
12
3
3
3
10
12
8
780
2
17
17
17
6
24
781
13
30
30
3
10
13
782
12
12
13
13
13
783
403
403
403
403
784
17
2
0
7
58
58
785
30
24
24
6
4
4
4
17
17
12
2
10
2
10
22
22
22
5
5
13
786
17
147
147
147
17
17
17
30
30
3
13
13
10
22
26
5
0
498
7
787
7
788
7
10
16
15
7
703
7
7
789
7
790
669
7
7
7
15
56
56
138
76
76
7
29
16
16
16
31
31
31
31
248
248
15
15
5
5
12
12
22
10
10
10
58
791
58
58
2
792
27
27
27
8
58
8
0
58
58
58
58
58
10
17
27
27
27
6
8
793
794
12
12
13
795
0
8
30
13
13
13
796
17
31
31
31
31
31
31
22
22
22
403
403
403
403
403
403
403
403
403
403
403
403
403
403
403
403
403
403
403
403
403
403
58
58
27
27
33
33
33
33
31
31
31
31
24
0
0
0
0
797
8
0
0
10
2
2
3
0
2
25
25
25
25
25
25
25
25
12
12
6
29
28
798
0
0
24
24
24
32
3
799
26
369
8
173
173
173
6
6
25
12
12
12
12
12
12
12
12
12
12
12
12
12
6
15
25
25
43
43
43
2
6
800
12
30
30
30
31
22
22
30
17
801
22
22
22
26
310
0
0
15
15
6
22
22
22
22
10
10
24
24
6
17
33
22
22
15
802
803
0
804
7
7
17
10
6
805
805
805
805
58
12
2
2
30
24
30
442
442
0
0
5
6
2
8
5
3
0
10
6
6
4
6
54
54
54
31
31
31
31
31
31
31
31
31
31
31
31
31
31
31
31
31
31
31
31
31
31
31
31
31
31
31
31
31
31
31
31
31
31
4
4
4
3
10
6
24
13
806
26
4
6
32
32
0
0
24
0
27
27
27
27
27
27
27
27
27
10
16
32
32
15
43
30
30
5
807
10
8
10
10
12
12
808
808
808
808
17
17
12
43
13
7
23
24
24
24
24
24
43
15
15
15
12
12
12
33
0
56
56
28
809
93
810
10
7
7
811
812
812
0
7
7
7
7
7
7
7
387
813
814
17
17
4
13
10
2
6
6
13
13
22
0
24
32
32
32
32
10
23
12
12
12
12
12
0
22
26
10
10
10
8
43
12
22
815
0
10
10
17
17
17
17
17
17
22
22
43
4
816
22
43
5
5
25
0
0
445
445
368
0
0
0
10
25
25
25
4
30
30
30
23
30
30
30
30
58
58
817
817
6
7
25
25
25
25
25
25
25
25
25
7
8
15
818
8
8
2
23
23
6
6
43
23
12
29
8
26
819
5
29
29
29
29
29
29
29
29
17
17
5
5
7
16
16
15
13
6
6
6
6
6
6
6
6
6
6
6
6
6
6
6
6
6
6
6
6
6
6
6
6
6
6
6
6
6
6
6
6
6
0
24
24
32
253
54
54
54
223
223
223
31
31
31
31
31
2
24
24
25
29
29
29
27
31
6
10
2
0
103
103
13
0
0
253
2
2
2
6
27
27
43
25
25
22
22
22
22
820
820
2
2
2
2
0
7
7
0
33
821
6
30
30
12
12
822
6
3
3
12
823
8
33
33
33
10
10
10
12
12
25
25
17
24
24
24
3
3
17
25
25
3
3
4
10
5
824
8
15
15
15
3
3
25
25
25
25
825
0
826
826
826
826
39
7
7
827
827
828
829
7
830
7
56
7
90
831
7
7
5
16
832
0
0
0
0
833
13
2
8
8
17
17
834
0
0
27
2
27
27
27
27
58
835
835
6
12
13
13
54
54
54
54
22
32
30
30
25
2
2
43
836
13
13
13
5
6
10
837
22
13
13
838
10
43
17
17
17
17
0
15
22
22
22
839
839
12
12
453
31
22
28
6
22
43
13
13
13
12
333
13
13
25
4
4
4
10
32
5
32
32
12
840
27
27
25
25
26
12
12
30
841
8
8
8
0
13
25
25
25
25
25
25
16
16
0
2
15
0
26
26
26
32
32
32
25
25
25
25
10
8
23
23
842
842
6
8
22
843
843
844
10
29
29
29
10
6
29
29
29
29
29
7
13
2
17
3
5
16
30
30
30
10
2
24
12
12
12
2
2
13
5
5
5
845
845
845
846
847
847
847
7
7
7
16
16
7
848
28
7
7
7
30
7
16
43
43
26
26
26
26
26
26
17
4
4
4
4
4
4
4
12
849
0
3
3
3
3
3
3
850
0
43
2
6
6
12
23
43
2
10
10
3
851
12
12
32
15
3
30
852
12
16
853
854
13
5
5
13
13
10
24
24
10
29
9
32
13
0
0
0
2
855
856
12
12
12
12
33
16
16
16
295
13
13
22
43
43
10
26
2
10
10
10
10
4
2
0
15
16
10
10
857
33
6
6
6
6
6
17
17
858
13
859
6
15
7
27
860
10
6
7
6
2
2
2
2
17
13
13
10
8
10
22
8
25
56
56
56
56
56
13
2
43
23
25
12
12
12
861
861
33
3
862
863
15
15
2
2
2
2
2
2
2
39
39
39
39
39
39
39
39
39
39
39
39
39
39
39
39
39
39
39
39
39
39
39
39
39
39
39
39
39
864
864
864
865
15
15
15
15
22
13
23
23
23
12
10
10
15
22
3
3
10
6
13
25
25
25
13
13
8
8
13
13
13
13
22
17
17
16
866
866
15
15
6
6
6
867
867
867
32
32
8
8
0
0
0
17
868
13
4
869
17
870
870
871
17
17
5
58
4
4
4
8
12
872
872
17
2
8
8
25
24
13
13
873
873
873
23
23
874
874
874
25
25
25
25
875
876
33
877
877
877
27
24
24
13
25
5
5
655
878
878
878
878
6
26
30
43
12
10
879
879
879
831
7
4
16
880
880
880
138
138
48
7
7
7
7
7
7
6
28
35
7
7
881
7
5
5
882
882
16
23
0
10
13
0
2
15
24
24
883
15
309
309
1
1
884
10
12
13
885
12
23
6
17
12
886
886
886
886
886
886
10
10
10
887
887
1
1
1
1
22
22
22
13
10
8
10
25
13
6
58
888
26
24
2
13
889
8
8
24
43
43
890
10
13
2
2
891
891
30
27
13
2
3
1
1
1
1
28
28
12
56
8
8
3
13
12
31
31
31
892
23
23
23
23
33
43
0
0
3
3
893
56
23
894
15
23
895
8
29
25
12
12
12
12
12
12
12
30
30
30
12
12
12
10
43
43
43
15
24
23
23
7
24
24
24
24
10
10
10
2
0
5
43
43
43
896
5
371
897
898
332
899
900
900
900
3
24
901
25
7
30
0
17
2
10
10
0
6
25
402
402
12
24
24
8
13
13
12
12
12
12
12
25
25
25
29
6
6
6
6
30
30
30
7
12
12
17
17
10
17
17
17
902
29
29
29
10
13
13
138
8
8
8
10
29
29
29
29
903
9
9
9
904
2
13
6
905
0
12
5
5
5
5
5
5
5
43
43
43
43
43
43
43
30
30
30
2
2
2
17
5
10
16
3
31
16
16
16
25
4
5
5
7
7
7
16
10
48
7
15
7
7
377
377
15
15
15
906
906
3
7
907
908
908
4
4
6
12
12
17
17
7
25
17
10
5
5
10
29
48
29
29
29
43
15
15
17
17
24
30
26
17
30
30
12
24
24
15
15
15
2
0
4
4
4
54
17
7
7
7
23
23
23
9
28
28
28
28
28
28
28
28
28
28
28
28
28
28
28
28
28
28
12
7
2
2
43
43
16
909
10
10
6
23
4
5
12
12
25
25
10
25
12
33
22
0
237
4
4
30
17
910
911
26
7
2
25
912
4
913
913
4
4
4
4
4
4
4
4
4
0
0
17
17
17
914
914
914
138
0
25
25
6
6
6
6
6
6
6
6
6
25
25
25
915
916
916
6
6
6
2
4
17
914
917
30
3
13
13
22
15
8
12
918
30
30
10
0
919
25
25
25
25
25
25
25
30
30
4
4
4
26
8
23
5
27
12
22
22
22
22
22
10
10
24
920
921
22
922
922
922
922
0
2
2
30
3
3
3
3
3
22
12
4
7
27
27
27
27
27
27
27
27
27
27
27
27
27
27
27
4
23
2
923
22
7
6
8
16
22
13
5
5
5
5
5
5
5
5
5
23
30
30
5
5
5
5
13
3
2
0
25
25
25
25
247
2
2
4
591
39
924
2
2
2
2
925
17
926
926
926
15
15
13
30
6
4
4
6
6
6
6
556
14
14
14
16
927
7
928
7
929
929
929
929
929
39
15
7
7
7
0
930
931
43
12
12
25
442
3
32
32
16
932
6
933
2
24
173
934
93
93
93
7
7
935
15
936
937
12
6
6
6
938
2
2
0
0
0
0
17
4
27
4
4
4
4
27
25
25
13
13
13
17
43
17
8
8
22
22
22
22
22
6
13
12
7
32
43
54
939
939
939
939
30
30
30
7
8
940
29
43
43
25
43
4
5
941
941
941
13
10
942
12
12
12
27
24
24
30
6
6
6
25
0
943
58
27
27
12
12
23
15
15
15
15
15
15
15
15
15
15
15
15
15
2
17
17
17
4
2
3
3
17
23
13
10
13
13
43
43
29
944
945
0
56
56
12
12
12
12
12
12
8
17
17
7
0
2
10
10
10
30
946
12
13
13
13
6
4
248
13
13
13
947
947
13
10
10
10
10
10
10
10
10
10
10
10
10
10
10
10
12
29
29
29
29
29
13
22
22
4
4
4
23
23
30
6
6
17
17
2
948
8
7
15
15
10
4
5
5
949
12
12
2
13
8
768
768
3
3
15
10
4
13
31
17
24
24
24
3
5
5
5
30
30
24
29
29
6
6
6
6
6
1
17
12
17
17
8
8
22
5
6
950
950
0
4
29
951
15
15
15
15
15
22
952
0
205
10
205
29
29
29
29
17
17
17
24
953
953
953
24
954
954
955
16
956
957
957
958
93
17
10
141
7
734
7
1
959
960
16
961
961
961
961
961
961
961
961
962
16
16
0
2
2
2
2
0
6
6
6
6
6
25
4
2
2
2
2
2
963
963
964
10
15
15
15
15
15
15
15
15
15
10
26
26
30
0
25
25
24
4
0
2
6
402
965
402
10
25
25
12
7
6
22
966
25
8
10
0
967
967
8
8
2
8
6
6
12
0
48
48
48
48
48
48
48
48
48
10
17
5
5
30
30
30
17
17
17
17
17
968
968
2
30
8
13
13
17
29
25
23
23
969
970
970
13
13
54
12
12
25
25
25
24
971
971
971
6
6
972
970
970
970
970
32
371
371
371
371
7
7
7
17
8
3
24
3
3
3
3
3
12
27
7
23
23
23
23
23
10
10
10
54
973
973
973
17
29
29
17
2
2
2
0
10
17
22
22
15
15
15
24
24
8
8
23
974
975
12
12
12
12
17
17
6
6
6
0
0
0
976
2
2
2
2
2
2
977
6
24
24
30
30
30
24
978
32
6
24
24
17
15
15
15
15
15
10
8
0
0
979
6
12
6
980
980
980
4
4
17
12
2
2
981
0
33
33
33
33
8
4
1
22
33
8
8
961
6
25
30
30
30
30
30
30
30
30
30
4
16
982
983
983
983
26
984
8
985
6
6
6
6
15
13
7
7
414
414
414
4
986
986
986
986
986
986
7
7
7
7
7
987
16
988
988
988
989
7
990
990
7
7
16
48
48
48
48
48
48
48
48
48
48
48
48
48
48
48
48
48
32
32
32
32
32
402
991
22
15
15
10
9
2
30
16
25
25
26
26
26
2
2
24
13
16
25
992
3
2
2
2
17
993
17
4
8
8
8
8
8
8
8
54
54
54
32
8
4
994
994
994
994
994
994
994
33
3
28
28
8
0
15
15
12
24
24
24
24
24
24
24
24
24
8
4
12
12
12
12
12
12
995
24
24
24
22
24
16
6
6
6
4
22
996
2
2
2
2
2
2
24
24
8
32
32
32
997
2
32
5
7
998
999
32
8
8
13
23
8
12
22
24
24
30
10
2
6
8
30
32
2
13
13
13
16
402
402
983
983
6
7
4
2
2
5
5
5
13
0
1000
25
30
1001
1001
1001
1001
17
4
13
8
1002
1002
1002
1002
1002
0
1003
17
2
1004
1004
13
13
12
13
30
30
30
15
15
10
10
23
13
10
7
4
0
4
32
12
12
0
1005
1005
13
30
1006
13
13
8
15
15
8
29
29
1007
24
1008
1009
3
3
3
3
3
4
25
25
23
23
17
31
0
1010
12
12
13
2
8
10
32
32
32
32
32
32
32
32
32
32
32
3
30
22
25
13
16
6
8
8
3
27
1011
1011
6
25
26
4
0
10
8
24
27
1012
1012
1012
1012
1012
1012
1012
4
4
0
12
12
548
6
6
138
8
43
43
7
1013
1014
7
7
1
1
1
1
1
1
1
1
1
1015
1016
7
7
7
7
1017
371
371
7
1018
1018
255
255
255
255
22
0
0
24
24
23
23
28
28
3
3
32
25
4
4
4
32
1019
1019
1019
25
0
1020
12
43
15
2
1021
7
4
10
10
1022
29
29
0
12
13
13
17
30
30
30
30
1023
1023
1023
1023
33
33
33
33
9
255
25
25
25
25
1024
17
333
48
48
48
48
48
48
48
48
48
48
48
48
48
48
48
48
48
48
48
48
48
48
48
48
48
48
48
48
48
48
48
29
32
10
22
1025
1025
1025
371
371
371
371
371
371
371
371
371
371
371
371
371
371
371
371
371
371
371
371
371
29
29
29
29
138
2
3
10
26
26
23
1026
22
33
3
24
24
16
16
16
7
7
24
24
24
1027
1027
1028
5
58
28
10
10
10
1029
13
8
25
4
4
4
4
2
24
10
10
58
58
27
30
30
1030
1031
639
0
10
1032
6
6
3
3
31
29
4
7
7
32
8
8
10
8
13
8
1033
10
10
10
17
17
2
1034
17
15
54
54
54
54
54
54
54
54
2
30
30
10
10
10
1035
10
43
43
43
6
6
6
1036
1037
1038
58
58
58
58
58
58
58
58
58
58
58
58
58
58
1039
1039
13
13
13
10
29
29
1040
5
1041
22
10
1042
25
4
2
1043
32
30
9
12
15
471
13
13
13
43
43
43
43
30
16
16
32
32
32
32
2
2
2
26
26
26
1044
1045
0
54
54
54
0
16
1046
13
23
1047
16
43
58
32
58
58
24
32
32
32
32
7
1048
1048
16
16
16
16
1049
7
7
1050
1051
1051
1052
7
7
831
7
7
1053
1053
1053
1053
1053
16
30
255
255
255
1054
1054
1054
15
371
371
0
54
54
54
43
43
43
43
43
43
43
43
6
12
548
32
32
191
191
6
1055
31
1056
29
2
9
1057
1058
1059
4
17
17
30
30
30
30
1060
25
1061
1061
1061
8
8
1062
23
23
23
23
12
254
17
31
31
31
31
31
31
1063
7
24
17
4
4
13
13
13
13
13
13
26
26
1064
1064
15
7
10
1065
576
15
15
15
17
24
24
13
29
13
58
58
10
30
1066
1066
1066
3
6
0
6
8
43
43
43
43
43
43
43
43
43
1067
1068
1068
25
29
4
10
12
12
24
24
24
1069
25
0
1070
32
25
1071
13
13
13
13
